0 info it worked if it ends with ok
1 verbose cli [ '/opt/bitnami/nodejs/bin/.node.bin',
1 verbose cli   '/opt/bitnami/nodejs/bin/npm',
1 verbose cli   'install',
1 verbose cli   '-g',
1 verbose cli   'gedit' ]
2 info using npm@3.3.10
3 info using node@v0.12.7
4 silly loadCurrentTree Starting
5 silly install loadCurrentTree
6 silly install readGlobalPackageData
7 silly fetchPackageMetaData gedit
8 silly fetchNamedPackageData gedit
9 silly mapToRegistry name gedit
10 silly mapToRegistry using default registry
11 silly mapToRegistry registry https://registry.npmjs.org/
12 silly mapToRegistry uri https://registry.npmjs.org/gedit
13 verbose request uri https://registry.npmjs.org/gedit
14 verbose request no auth needed
15 info attempt registry request try #1 at 23:48:31
16 verbose request id b862ed5337947f38
17 http request GET https://registry.npmjs.org/gedit
18 http 404 https://registry.npmjs.org/gedit
19 verbose headers { 'content-type': 'application/json',
19 verbose headers   'cache-control': 'max-age=0',
19 verbose headers   'content-length': '2',
19 verbose headers   'accept-ranges': 'bytes',
19 verbose headers   date: 'Tue, 24 Nov 2015 17:43:13 GMT',
19 verbose headers   via: '1.1 varnish',
19 verbose headers   age: '0',
19 verbose headers   connection: 'keep-alive',
19 verbose headers   'x-served-by': 'cache-atl6224-ATL',
19 verbose headers   'x-cache': 'MISS',
19 verbose headers   'x-cache-hits': '0',
19 verbose headers   'x-timer': 'S1448386993.592736,VS0,VE32' }
20 silly get cb [ 404,
20 silly get   { 'content-type': 'application/json',
20 silly get     'cache-control': 'max-age=0',
20 silly get     'content-length': '2',
20 silly get     'accept-ranges': 'bytes',
20 silly get     date: 'Tue, 24 Nov 2015 17:43:13 GMT',
20 silly get     via: '1.1 varnish',
20 silly get     age: '0',
20 silly get     connection: 'keep-alive',
20 silly get     'x-served-by': 'cache-atl6224-ATL',
20 silly get     'x-cache': 'MISS',
20 silly get     'x-cache-hits': '0',
20 silly get     'x-timer': 'S1448386993.592736,VS0,VE32' } ]
21 silly fetchPackageMetaData Error: Registry returned 404 for GET on https://registry.npmjs.org/gedit
21 silly fetchPackageMetaData     at makeError (/opt/bitnami/nodejs/lib/node_modules/npm/node_modules/npm-registry-client/lib/request.js:264:12)
21 silly fetchPackageMetaData     at CachingRegistryClient.<anonymous> (/opt/bitnami/nodejs/lib/node_modules/npm/node_modules/npm-registry-client/lib/request.js:242:14)
21 silly fetchPackageMetaData     at Request._callback (/opt/bitnami/nodejs/lib/node_modules/npm/node_modules/npm-registry-client/lib/request.js:172:14)
21 silly fetchPackageMetaData     at Request.self.callback (/opt/bitnami/nodejs/lib/node_modules/npm/node_modules/request/request.js:198:22)
21 silly fetchPackageMetaData     at Request.emit (events.js:110:17)
21 silly fetchPackageMetaData     at Request.<anonymous> (/opt/bitnami/nodejs/lib/node_modules/npm/node_modules/request/request.js:1082:10)
21 silly fetchPackageMetaData     at Request.emit (events.js:129:20)
21 silly fetchPackageMetaData     at IncomingMessage.<anonymous> (/opt/bitnami/nodejs/lib/node_modules/npm/node_modules/request/request.js:1009:12)
21 silly fetchPackageMetaData     at IncomingMessage.emit (events.js:129:20)
21 silly fetchPackageMetaData     at _stream_readable.js:908:16
21 silly fetchPackageMetaData  error for gedit { [Error: Registry returned 404 for GET on https://registry.npmjs.org/gedit] pkgid: 'gedit', statusCode: 404, code: 'E404' }
22 silly rollbackFailedOptional Starting
23 silly rollbackFailedOptional Finishing
24 silly runTopLevelLifecycles Starting
25 silly runTopLevelLifecycles Finishing
26 silly install printInstalled
27 verbose stack Error: Registry returned 404 for GET on https://registry.npmjs.org/gedit
27 verbose stack     at makeError (/opt/bitnami/nodejs/lib/node_modules/npm/node_modules/npm-registry-client/lib/request.js:264:12)
27 verbose stack     at CachingRegistryClient.<anonymous> (/opt/bitnami/nodejs/lib/node_modules/npm/node_modules/npm-registry-client/lib/request.js:242:14)
27 verbose stack     at Request._callback (/opt/bitnami/nodejs/lib/node_modules/npm/node_modules/npm-registry-client/lib/request.js:172:14)
27 verbose stack     at Request.self.callback (/opt/bitnami/nodejs/lib/node_modules/npm/node_modules/request/request.js:198:22)
27 verbose stack     at Request.emit (events.js:110:17)
27 verbose stack     at Request.<anonymous> (/opt/bitnami/nodejs/lib/node_modules/npm/node_modules/request/request.js:1082:10)
27 verbose stack     at Request.emit (events.js:129:20)
27 verbose stack     at IncomingMessage.<anonymous> (/opt/bitnami/nodejs/lib/node_modules/npm/node_modules/request/request.js:1009:12)
27 verbose stack     at IncomingMessage.emit (events.js:129:20)
27 verbose stack     at _stream_readable.js:908:16
28 verbose statusCode 404
29 verbose pkgid gedit
30 verbose cwd /home/bitnami/VIP/ericcode/public/js/controllers
31 error Linux 3.13.0-55-generic
32 error argv "/opt/bitnami/nodejs/bin/.node.bin" "/opt/bitnami/nodejs/bin/npm" "install" "-g" "gedit"
33 error node v0.12.7
34 error npm  v3.3.10
35 error code E404
36 error 404 Registry returned 404 for GET on https://registry.npmjs.org/gedit
36 error 404
36 error 404 'gedit' is not in the npm registry.
36 error 404 You should bug the author to publish it (or use the name yourself!)
36 error 404
36 error 404 Note that you can also install from a
36 error 404 tarball, folder, http url, or git url.
37 verbose exit [ 1, true ]
